<?xml version="1.0" encoding="UTF-8"?>
<testng-results ignored="6" total="7" passed="1" failed="0" skipped="0">
  <reporter-output>
  </reporter-output>
  <suite started-at="2022-05-06T14:29:26 COT" name="test.UnitTests" finished-at="2022-05-06T14:29:27 COT" duration-ms="293">
    <groups>
    </groups>
    <test started-at="2022-05-06T14:29:26 COT" name="Command line test" finished-at="2022-05-06T14:29:27 COT" duration-ms="293">
      <class name="test.UnitTests">
        <test-method signature="checkInsertGetUpdateBook()[pri:0, instance:test.UnitTests@24b1d79b]" started-at="2022-05-06T14:29:26 COT" name="checkInsertGetUpdateBook" finished-at="2022-05-06T14:29:27 COT" duration-ms="265" status="PASS">
          <reporter-output>
          </reporter-output>
        </test-method> <!-- checkInsertGetUpdateBook -->
      </class> <!-- test.UnitTests -->
    </test> <!-- Command line test -->
  </suite> <!-- test.UnitTests -->
</testng-results>
