<?xml version="1.0" encoding="UTF-8"?>
<!-- Generated by org.testng.reporters.JUnitXMLReporter -->
<testsuite ignored="6" hostname="LAPTOP-KQN6IMR6" failures="0" tests="1" name="Command line test" time="0.293" errors="0" timestamp="2022-05-06T14:29:27 COT">
  <testcase classname="test.UnitTests" name="checkInsertGetUpdateBook" time="0.265"/>
  <testcase classname="test.UnitTests" name="checkUpdateBook" time="0.0">
    <ignored/>
  </testcase> <!-- checkUpdateBook -->
  <testcase classname="test.UnitTests" name="checkConnection" time="0.0">
    <ignored/>
  </testcase> <!-- checkConnection -->
  <testcase classname="test.UnitTests" name="checkGetBooks" time="0.0">
    <ignored/>
  </testcase> <!-- checkGetBooks -->
  <testcase classname="test.UnitTests" name="checkGetGenres" time="0.0">
    <ignored/>
  </testcase> <!-- checkGetGenres -->
  <testcase classname="test.UnitTests" name="checkGetLanguages" time="0.0">
    <ignored/>
  </testcase> <!-- checkGetLanguages -->
  <testcase classname="test.UnitTests" name="checkGetStatus" time="0.0">
    <ignored/>
  </testcase> <!-- checkGetStatus -->
</testsuite> <!-- Command line test -->
